<?xml version="1.0" encoding="UTF-8"?>
<!-- Generated by org.testng.reporters.JUnitReportReporter -->
<testsuite hostname="Sandy-Laptop" failures="0" tests="5" name="tests.LoginTest" time="6.662" errors="0" timestamp="2025-05-13T03:01:33 CEST" skipped="4">
  <testcase classname="tests.LoginTest" name="testRemoveItemFromCart" time="6.662"/>
  <testcase classname="tests.LoginTest" name="testValidLogin">
    <skipped/>
  </testcase> <!-- testValidLogin -->
  <testcase classname="tests.LoginTest" name="testInvalidLogin">
    <skipped/>
  </testcase> <!-- testInvalidLogin -->
  <testcase classname="tests.LoginTest" name="testAddItemToCart">
    <skipped/>
  </testcase> <!-- testAddItemToCart -->
  <testcase classname="tests.LoginTest" name="testLogoutAfterLogin">
    <skipped/>
  </testcase> <!-- testLogoutAfterLogin -->
</testsuite> <!-- tests.LoginTest -->
